  elevator.cpp
c:\самообразование\ооп_в_с++_(р.лафоре)\elevatorproject\elevator.h(2): warning C4067: unexpected tokens following preprocessor directive - expected a newline
c:\самообразование\ооп_в_с++_(р.лафоре)\elevatorproject\elevator.cpp(61): warning C4996: 'itoa': The POSIX name for this item is deprecated. Instead, use the ISO C and C++ conformant name: _itoa. See online help for details.
  c:\program files (x86)\windows kits\10\include\10.0.17763.0\ucrt\stdlib.h(1323): note: see declaration of 'itoa'
c:\самообразование\ооп_в_с++_(р.лафоре)\elevatorproject\elevator.cpp(244): warning C4996: 'itoa': The POSIX name for this item is deprecated. Instead, use the ISO C and C++ conformant name: _itoa. See online help for details.
  c:\program files (x86)\windows kits\10\include\10.0.17763.0\ucrt\stdlib.h(1323): note: see declaration of 'itoa'
c:\самообразование\ооп_в_с++_(р.лафоре)\elevatorproject\elevator.cpp(389): warning C4244: 'argument': conversion from 'double' to 'DWORD', possible loss of data
c:\самообразование\ооп_в_с++_(р.лафоре)\elevatorproject\elevator.cpp(472): warning C4996: 'itoa': The POSIX name for this item is deprecated. Instead, use the ISO C and C++ conformant name: _itoa. See online help for details.
  c:\program files (x86)\windows kits\10\include\10.0.17763.0\ucrt\stdlib.h(1323): note: see declaration of 'itoa'
c:\самообразование\ооп_в_с++_(р.лафоре)\elevatorproject\elevator.cpp(961): warning C4244: '=': conversion from 'double' to 'int', possible loss of data
c:\самообразование\ооп_в_с++_(р.лафоре)\elevatorproject\elevator.cpp(2064): warning C4996: 'itoa': The POSIX name for this item is deprecated. Instead, use the ISO C and C++ conformant name: _itoa. See online help for details.
  c:\program files (x86)\windows kits\10\include\10.0.17763.0\ucrt\stdlib.h(1323): note: see declaration of 'itoa'
c:\самообразование\ооп_в_с++_(р.лафоре)\elevatorproject\elevator.cpp(2259): warning C4244: 'argument': conversion from 'time_t' to 'unsigned int', possible loss of data
c:\самообразование\ооп_в_с++_(р.лафоре)\elevatorproject\elevator.cpp(2300): warning C4018: '<': signed/unsigned mismatch
  elevator_app.cpp
c:\самообразование\ооп_в_с++_(р.лафоре)\elevatorproject\elevator.h(2): warning C4067: unexpected tokens following preprocessor directive - expected a newline
  msoftcon.cpp
c:\самообразование\ооп_в_с++_(р.лафоре)\elevatorproject\msoftcon.cpp(10): warning C4838: conversion from 'int' to 'SHORT' requires a narrowing conversion
  Generating Code...
c:\самообразование\ооп_в_с++_(р.лафоре)\elevatorproject\elevator.cpp(1487): warning C4715: 'ElevatorCar::CalculateTheCallAriveTime': not all control paths return a value
  elevator.obj : MSIL module encountered; incremental linking is disabled for MSIL; performing full link
  ElevatorProject.vcxproj -> C:\Самообразование\ООП_в_С++_(Р.Лафоре)\ElevatorProject\Debug\ElevatorProject.exe
